This is pdfTeX, Version 3.14159265-2.6-1.40.20 (TeX Live 2019) (preloaded format=pdflatex 2019.9.17)  29 OCT 2019 16:56
entering extended mode
 restricted \write18 enabled.
 file:line:error style messages enabled.
 %&-line parsing enabled.
**"snap for beginners.tex"
(./snap for beginners.tex
LaTeX2e <2018-12-01>
(/usr/local/texlive/2019/texmf-dist/tex/latex/base/article.cls
Document Class: article 2018/09/03 v1.4i Standard LaTeX document class
(/usr/local/texlive/2019/texmf-dist/tex/latex/base/size10.clo
File: size10.clo 2018/09/03 v1.4i Standard LaTeX file (size option)
)
\c@part=\count80
\c@section=\count81
\c@subsection=\count82
\c@subsubsection=\count83
\c@paragraph=\count84
\c@subparagraph=\count85
\c@figure=\count86
\c@table=\count87
\abovecaptionskip=\skip41
\belowcaptionskip=\skip42
\bibindent=\dimen102
)
(/usr/local/texlive/2019/texmf-dist/tex/latex/graphics/graphicx.sty
Package: graphicx 2017/06/01 v1.1a Enhanced LaTeX Graphics (DPC,SPQR)

(/usr/local/texlive/2019/texmf-dist/tex/latex/graphics/keyval.sty
Package: keyval 2014/10/28 v1.15 key=value parser (DPC)
\KV@toks@=\toks14
)
(/usr/local/texlive/2019/texmf-dist/tex/latex/graphics/graphics.sty
Package: graphics 2017/06/25 v1.2c Standard LaTeX Graphics (DPC,SPQR)

(/usr/local/texlive/2019/texmf-dist/tex/latex/graphics/trig.sty
Package: trig 2016/01/03 v1.10 sin cos tan (DPC)
)
(/usr/local/texlive/2019/texmf-dist/tex/latex/graphics-cfg/graphics.cfg
File: graphics.cfg 2016/06/04 v1.11 sample graphics configuration
)
Package graphics Info: Driver file: pdftex.def on input line 99.

(/usr/local/texlive/2019/texmf-dist/tex/latex/graphics-def/pdftex.def
File: pdftex.def 2018/01/08 v1.0l Graphics/color driver for pdftex
))
\Gin@req@height=\dimen103
\Gin@req@width=\dimen104
)
(/usr/local/texlive/2019/texmf-dist/tex/latex/float/float.sty
Package: float 2001/11/08 v1.3d Float enhancements (AL)
\c@float@type=\count88
\float@exts=\toks15
\float@box=\box27
\@float@everytoks=\toks16
\@floatcapt=\box28
)
(/usr/local/texlive/2019/texmf-dist/tex/latex/hyperref/hyperref.sty
Package: hyperref 2018/11/30 v6.88e Hypertext links for LaTeX

(/usr/local/texlive/2019/texmf-dist/tex/generic/oberdiek/hobsub-hyperref.sty
Package: hobsub-hyperref 2016/05/16 v1.14 Bundle oberdiek, subset hyperref (HO)


(/usr/local/texlive/2019/texmf-dist/tex/generic/oberdiek/hobsub-generic.sty
Package: hobsub-generic 2016/05/16 v1.14 Bundle oberdiek, subset generic (HO)
Package: hobsub 2016/05/16 v1.14 Construct package bundles (HO)
Package: infwarerr 2016/05/16 v1.4 Providing info/warning/error messages (HO)
Package: ltxcmds 2016/05/16 v1.23 LaTeX kernel commands for general use (HO)
Package: ifluatex 2016/05/16 v1.4 Provides the ifluatex switch (HO)
Package ifluatex Info: LuaTeX not detected.
Package: ifvtex 2016/05/16 v1.6 Detect VTeX and its facilities (HO)
Package ifvtex Info: VTeX not detected.
Package: intcalc 2016/05/16 v1.2 Expandable calculations with integers (HO)
Package: ifpdf 2018/09/07 v3.3 Provides the ifpdf switch
Package: etexcmds 2016/05/16 v1.6 Avoid name clashes with e-TeX commands (HO)
Package: kvsetkeys 2016/05/16 v1.17 Key value parser (HO)
Package: kvdefinekeys 2016/05/16 v1.4 Define keys (HO)
Package: pdftexcmds 2018/09/10 v0.29 Utility functions of pdfTeX for LuaTeX (HO
)
Package pdftexcmds Info: LuaTeX not detected.
Package pdftexcmds Info: \pdf@primitive is available.
Package pdftexcmds Info: \pdf@ifprimitive is available.
Package pdftexcmds Info: \pdfdraftmode found.
Package: pdfescape 2016/05/16 v1.14 Implements pdfTeX's escape features (HO)
Package: bigintcalc 2016/05/16 v1.4 Expandable calculations on big integers (HO
)
Package: bitset 2016/05/16 v1.2 Handle bit-vector datatype (HO)
Package: uniquecounter 2016/05/16 v1.3 Provide unlimited unique counter (HO)
)
Package hobsub Info: Skipping package `hobsub' (already loaded).
Package: letltxmacro 2016/05/16 v1.5 Let assignment for LaTeX macros (HO)
Package: hopatch 2016/05/16 v1.3 Wrapper for package hooks (HO)
Package: xcolor-patch 2016/05/16 xcolor patch
Package: atveryend 2016/05/16 v1.9 Hooks at the very end of document (HO)
Package atveryend Info: \enddocument detected (standard20110627).
Package: atbegshi 2016/06/09 v1.18 At begin shipout hook (HO)
Package: refcount 2016/05/16 v3.5 Data extraction from label references (HO)
Package: hycolor 2016/05/16 v1.8 Color options for hyperref/bookmark (HO)
)
(/usr/local/texlive/2019/texmf-dist/tex/generic/ifxetex/ifxetex.sty
Package: ifxetex 2010/09/12 v0.6 Provides ifxetex conditional
)
(/usr/local/texlive/2019/texmf-dist/tex/latex/oberdiek/auxhook.sty
Package: auxhook 2016/05/16 v1.4 Hooks for auxiliary files (HO)
)
(/usr/local/texlive/2019/texmf-dist/tex/latex/oberdiek/kvoptions.sty
Package: kvoptions 2016/05/16 v3.12 Key value format for package options (HO)
)
\@linkdim=\dimen105
\Hy@linkcounter=\count89
\Hy@pagecounter=\count90

(/usr/local/texlive/2019/texmf-dist/tex/latex/hyperref/pd1enc.def
File: pd1enc.def 2018/11/30 v6.88e Hyperref: PDFDocEncoding definition (HO)
Now handling font encoding PD1 ...
... no UTF-8 mapping file for font encoding PD1
)
\Hy@SavedSpaceFactor=\count91

(/usr/local/texlive/2019/texmf-dist/tex/latex/latexconfig/hyperref.cfg
File: hyperref.cfg 2002/06/06 v1.2 hyperref configuration of TeXLive
)
Package hyperref Info: Hyper figures OFF on input line 4519.
Package hyperref Info: Link nesting OFF on input line 4524.
Package hyperref Info: Hyper index ON on input line 4527.
Package hyperref Info: Plain pages OFF on input line 4534.
Package hyperref Info: Backreferencing OFF on input line 4539.
Package hyperref Info: Implicit mode ON; LaTeX internals redefined.
Package hyperref Info: Bookmarks ON on input line 4772.
\c@Hy@tempcnt=\count92

(/usr/local/texlive/2019/texmf-dist/tex/latex/url/url.sty
\Urlmuskip=\muskip10
Package: url 2013/09/16  ver 3.4  Verb mode for urls, etc.
)
LaTeX Info: Redefining \url on input line 5125.
\XeTeXLinkMargin=\dimen106
\Fld@menulength=\count93
\Field@Width=\dimen107
\Fld@charsize=\dimen108
Package hyperref Info: Hyper figures OFF on input line 6380.
Package hyperref Info: Link nesting OFF on input line 6385.
Package hyperref Info: Hyper index ON on input line 6388.
Package hyperref Info: backreferencing OFF on input line 6395.
Package hyperref Info: Link coloring OFF on input line 6400.
Package hyperref Info: Link coloring with OCG OFF on input line 6405.
Package hyperref Info: PDF/A mode OFF on input line 6410.
LaTeX Info: Redefining \ref on input line 6450.
LaTeX Info: Redefining \pageref on input line 6454.
\Hy@abspage=\count94
\c@Item=\count95
\c@Hfootnote=\count96
)
Package hyperref Info: Driver (autodetected): hpdftex.

(/usr/local/texlive/2019/texmf-dist/tex/latex/hyperref/hpdftex.def
File: hpdftex.def 2018/11/30 v6.88e Hyperref driver for pdfTeX
\Fld@listcount=\count97
\c@bookmark@seq@number=\count98

(/usr/local/texlive/2019/texmf-dist/tex/latex/oberdiek/rerunfilecheck.sty
Package: rerunfilecheck 2016/05/16 v1.8 Rerun checks for auxiliary files (HO)
Package uniquecounter Info: New unique counter `rerunfilecheck' on input line 2
82.
)
\Hy@SectionHShift=\skip43
)
Package hyperref Info: Option `colorlinks' set `true' on input line 13.

(./snap for beginners.aux)
\openout1 = `"snap for beginners.aux"'.

LaTeX Font Info:    Checking defaults for OML/cmm/m/it on input line 25.
LaTeX Font Info:    ... okay on input line 25.
LaTeX Font Info:    Checking defaults for T1/cmr/m/n on input line 25.
LaTeX Font Info:    ... okay on input line 25.
LaTeX Font Info:    Checking defaults for OT1/cmr/m/n on input line 25.
LaTeX Font Info:    ... okay on input line 25.
LaTeX Font Info:    Checking defaults for OMS/cmsy/m/n on input line 25.
LaTeX Font Info:    ... okay on input line 25.
LaTeX Font Info:    Checking defaults for OMX/cmex/m/n on input line 25.
LaTeX Font Info:    ... okay on input line 25.
LaTeX Font Info:    Checking defaults for U/cmr/m/n on input line 25.
LaTeX Font Info:    ... okay on input line 25.
LaTeX Font Info:    Checking defaults for PD1/pdf/m/n on input line 25.
LaTeX Font Info:    ... okay on input line 25.

(/usr/local/texlive/2019/texmf-dist/tex/context/base/mkii/supp-pdf.mkii
[Loading MPS to PDF converter (version 2006.09.02).]
\scratchcounter=\count99
\scratchdimen=\dimen109
\scratchbox=\box29
\nofMPsegments=\count100
\nofMParguments=\count101
\everyMPshowfont=\toks17
\MPscratchCnt=\count102
\MPscratchDim=\dimen110
\MPnumerator=\count103
\makeMPintoPDFobject=\count104
\everyMPtoPDFconversion=\toks18
) (/usr/local/texlive/2019/texmf-dist/tex/latex/oberdiek/epstopdf-base.sty
Package: epstopdf-base 2016/05/15 v2.6 Base part for package epstopdf

(/usr/local/texlive/2019/texmf-dist/tex/latex/oberdiek/grfext.sty
Package: grfext 2016/05/16 v1.2 Manage graphics extensions (HO)
)
Package epstopdf-base Info: Redefining graphics rule for `.eps' on input line 4
38.
Package grfext Info: Graphics extension search list:
(grfext)             [.pdf,.png,.jpg,.mps,.jpeg,.jbig2,.jb2,.PDF,.PNG,.JPG,.JPE
G,.JBIG2,.JB2,.eps]
(grfext)             \AppendGraphicsExtensions on input line 456.

(/usr/local/texlive/2019/texmf-dist/tex/latex/latexconfig/epstopdf-sys.cfg
File: epstopdf-sys.cfg 2010/07/13 v1.3 Configuration of (r)epstopdf for TeX Liv
e
))
\AtBeginShipoutBox=\box30

(/usr/local/texlive/2019/texmf-dist/tex/latex/graphics/color.sty
Package: color 2016/07/10 v1.1e Standard LaTeX Color (DPC)

(/usr/local/texlive/2019/texmf-dist/tex/latex/graphics-cfg/color.cfg
File: color.cfg 2016/01/02 v1.6 sample color configuration
)
Package color Info: Driver file: pdftex.def on input line 147.
)
Package hyperref Info: Link coloring ON on input line 25.

(/usr/local/texlive/2019/texmf-dist/tex/latex/hyperref/nameref.sty
Package: nameref 2016/05/21 v2.44 Cross-referencing by name of section

(/usr/local/texlive/2019/texmf-dist/tex/generic/oberdiek/gettitlestring.sty
Package: gettitlestring 2016/05/16 v1.5 Cleanup title references (HO)
)
\c@section@level=\count105
)
LaTeX Info: Redefining \ref on input line 25.
LaTeX Info: Redefining \pageref on input line 25.
LaTeX Info: Redefining \nameref on input line 25.

(./snap for beginners.out) (./snap for beginners.out)
\@outlinefile=\write3
\openout3 = `"snap for beginners.out"'.

 [1

{/usr/local/texlive/2019/texmf-var/fonts/map/pdftex/updmap/pdftex.map}] (./snap
 for beginners.toc
LaTeX Font Info:    External font `cmex10' loaded for size
(Font)              <7> on input line 4.
LaTeX Font Info:    External font `cmex10' loaded for size
(Font)              <5> on input line 4.
)
\tf@toc=\write4
\openout4 = `"snap for beginners.toc"'.

pdfTeX warning (ext4): destination with the same identifier (name{page.1}) has 
been already used, duplicate ignored
<to be read again> 
                   \relax 
l.47 \cleardoublepage
                      %clears the rest of the page [1]
Underfull \hbox (badness 10000) in paragraph at lines 53--54

 []

pdfTeX warning (ext4): destination with the same identifier (name{page.1}) has 
been already used, duplicate ignored
<to be read again> 
                   \relax 
l.57 \newpage
             %starts on the new page [1

]
Underfull \hbox (badness 10000) in paragraph at lines 66--67

 []

<step1.png, id=116, 583.17876pt x 39.14626pt>
File: step1.png Graphic file (type png)
<use step1.png>
Package pdftex.def Info: step1.png  used on input line 96.
(pdftex.def)             Requested size: 361.34999pt x 24.25667pt.

Overfull \hbox (16.34999pt too wide) in paragraph at lines 96--97
[][] 
 []

[2 <./step1.png>]
<snapFind.png, id=124, 596.2275pt x 70.2625pt>
File: snapFind.png Graphic file (type png)
<use snapFind.png>
Package pdftex.def Info: snapFind.png  used on input line 125.
(pdftex.def)             Requested size: 361.34999pt x 42.58344pt.

Overfull \hbox (16.34999pt too wide) in paragraph at lines 125--126
[][] 
 []

<snapInstall.png, id=125, 472.76625pt x 26.0975pt>
File: snapInstall.png Graphic file (type png)
<use snapInstall.png>
Package pdftex.def Info: snapInstall.png  used on input line 135.
(pdftex.def)             Requested size: 361.34999pt x 19.94739pt.

Overfull \hbox (16.34999pt too wide) in paragraph at lines 135--136
[][] 
 []

[3

 <./snapFind.png> <./snapInstall.png>]
<snapList.png, id=135, 619.31375pt x 183.68625pt>
File: snapList.png Graphic file (type png)
<use snapList.png>
Package pdftex.def Info: snapList.png  used on input line 147.
(pdftex.def)             Requested size: 361.34999pt x 107.17993pt.

Overfull \hbox (16.34999pt too wide) in paragraph at lines 147--148
[][] 
 []

<snapChange.png, id=136, 771.88374pt x 153.57375pt>
File: snapChange.png Graphic file (type png)
<use snapChange.png>
Package pdftex.def Info: snapChange.png  used on input line 156.
(pdftex.def)             Requested size: 361.34999pt x 71.89377pt.

Overfull \hbox (16.34999pt too wide) in paragraph at lines 156--157
[][] 
 []

[4

 <./snapList.png> <./snapChange.png>]
<snapInfo.png, id=145, 556.0775pt x 297.11pt>
File: snapInfo.png Graphic file (type png)
<use snapInfo.png>
Package pdftex.def Info: snapInfo.png  used on input line 168.
(pdftex.def)             Requested size: 361.34999pt x 193.06934pt.

Overfull \hbox (16.34999pt too wide) in paragraph at lines 168--169
[][] 
 []

<snapRefreshList.png, id=146, 380.42125pt x 31.11626pt>
File: snapRefreshList.png Graphic file (type png)
<use snapRefreshList.png>
Package pdftex.def Info: snapRefreshList.png  used on input line 185.
(pdftex.def)             Requested size: 361.34999pt x 29.5574pt.

Overfull \hbox (16.34999pt too wide) in paragraph at lines 185--186
[][] 
 []

[5

 <./snapInfo.png> <./snapRefreshList.png>]
<snapRemove.png, id=156, 424.58624pt x 85.31876pt>
File: snapRemove.png Graphic file (type png)
<use snapRemove.png>
Package pdftex.def Info: snapRemove.png  used on input line 202.
(pdftex.def)             Requested size: 361.34999pt x 72.61499pt.

Overfull \hbox (16.34999pt too wide) in paragraph at lines 202--203
[][] 
 []

[6

 <./snapRemove.png>]
<step2.png, id=163, 727.71875pt x 232.87pt>
File: step2.png Graphic file (type png)
<use step2.png>
Package pdftex.def Info: step2.png  used on input line 255.
(pdftex.def)             Requested size: 361.34999pt x 115.63521pt.

Overfull \hbox (16.34999pt too wide) in paragraph at lines 255--256
[][] 
 []

[7

 <./step2.png>]
<step17.png, id=171, 730.73pt x 382.42876pt>
File: step17.png Graphic file (type png)
<use step17.png>
Package pdftex.def Info: step17.png  used on input line 273.
(pdftex.def)             Requested size: 361.34999pt x 189.11316pt.

Overfull \hbox (16.34999pt too wide) in paragraph at lines 273--274
[][] 
 []

[8

 <./step17.png>] [9

]
<step5.png, id=182, 529.98pt x 237.88875pt>
File: step5.png Graphic file (type png)
<use step5.png>
Package pdftex.def Info: step5.png  used on input line 317.
(pdftex.def)             Requested size: 361.34999pt x 162.19778pt.

Overfull \hbox (16.34999pt too wide) in paragraph at lines 317--318
[][] 
 []

[10

 <./step5.png>]
<step4.png, id=190, 724.7075pt x 213.79875pt>
File: step4.png Graphic file (type png)
<use step4.png>
Package pdftex.def Info: step4.png  used on input line 358.
(pdftex.def)             Requested size: 361.34999pt x 106.6055pt.

Overfull \hbox (16.34999pt too wide) in paragraph at lines 358--359
[][] 
 []

<step6.png, id=191, 615.29875pt x 61.22874pt>
File: step6.png Graphic file (type png)
<use step6.png>
Package pdftex.def Info: step6.png  used on input line 364.
(pdftex.def)             Requested size: 361.34999pt x 35.95833pt.

Overfull \hbox (16.34999pt too wide) in paragraph at lines 364--365
[][] 
 []

[11

 <./step4.png> <./step6.png>]
<step7.png, id=202, 839.135pt x 324.21124pt>
File: step7.png Graphic file (type png)
<use step7.png>
Package pdftex.def Info: step7.png  used on input line 375.
(pdftex.def)             Requested size: 361.34999pt x 139.61095pt.

Overfull \hbox (16.34999pt too wide) in paragraph at lines 375--376
[][] 
 []

[12

 <./step7.png>]
<step8.png, id=211, 563.10374pt x 318.18875pt>
File: step8.png Graphic file (type png)
<use step8.png>
Package pdftex.def Info: step8.png  used on input line 385.
(pdftex.def)             Requested size: 361.34999pt x 204.18387pt.

Overfull \hbox (16.34999pt too wide) in paragraph at lines 385--386
[][] 
 []

<step9.png, id=213, 849.1725pt x 294.09875pt>
File: step9.png Graphic file (type png)
<use step9.png>
Package pdftex.def Info: step9.png  used on input line 403.
(pdftex.def)             Requested size: 361.34999pt x 125.14961pt.

Overfull \hbox (16.34999pt too wide) in paragraph at lines 403--404
[][] 
 []

[13

 <./step8.png> <./step9.png>]
<step18.png, id=222, 830.60312pt x 36.63687pt>
File: step18.png Graphic file (type png)
<use step18.png>
Package pdftex.def Info: step18.png  used on input line 420.
(pdftex.def)             Requested size: 361.34999pt x 15.93857pt.

Overfull \hbox (16.34999pt too wide) in paragraph at lines 420--421
[][] 
 []

[14 <./step18.png>]
<step10.png, id=229, 599.23875pt x 415.5525pt>
File: step10.png Graphic file (type png)
<use step10.png>
Package pdftex.def Info: step10.png  used on input line 441.
(pdftex.def)             Requested size: 361.34999pt x 250.5889pt.

Overfull \hbox (16.34999pt too wide) in paragraph at lines 441--442
[][] 
 []

[15

 <./step10.png>]
<step13.png, id=236, 616.3025pt x 417.56pt>
File: step13.png Graphic file (type png)
<use step13.png>
Package pdftex.def Info: step13.png  used on input line 483.
(pdftex.def)             Requested size: 361.34999pt x 244.8291pt.

Overfull \hbox (16.34999pt too wide) in paragraph at lines 483--484
[][] 
 []

[16


 <./step13.png>]
<step12.png, id=243, 852.18375pt x 458.71375pt>
File: step12.png Graphic file (type png)
<use step12.png>
Package pdftex.def Info: step12.png  used on input line 490.
(pdftex.def)             Requested size: 361.34999pt x 194.5133pt.

Overfull \hbox (16.34999pt too wide) in paragraph at lines 490--491
[][] 
 []

[17

 <./step12.png>]
<step19.png, id=251, 677.53125pt x 480.79625pt>
File: step19.png Graphic file (type png)
<use step19.png>
Package pdftex.def Info: step19.png  used on input line 507.
(pdftex.def)             Requested size: 361.34999pt x 256.43478pt.

Overfull \hbox (16.34999pt too wide) in paragraph at lines 507--508
[][] 
 []

<step20.png, id=252, 759.83875pt x 683.55376pt>
File: step20.png Graphic file (type png)
<use step20.png>
Package pdftex.def Info: step20.png  used on input line 514.
(pdftex.def)             Requested size: 361.34999pt x 325.07733pt.

Overfull \hbox (16.34999pt too wide) in paragraph at lines 514--515
[][] 
 []

[18

 <./step19.png>] [19 <./step20.png>]
<step15.png, id=265, 825.0825pt x 504.88625pt>
File: step15.png Graphic file (type png)
<use step15.png>
Package pdftex.def Info: step15.png  used on input line 528.
(pdftex.def)             Requested size: 361.34999pt x 221.1183pt.

Overfull \hbox (16.34999pt too wide) in paragraph at lines 528--529
[][] 
 []

[20

 <./step15.png>]
<step16.png, id=273, 863.225pt x 521.95pt>
File: step16.png Graphic file (type png)
<use step16.png>
Package pdftex.def Info: step16.png  used on input line 557.
(pdftex.def)             Requested size: 361.34999pt x 218.48479pt.

Overfull \hbox (16.34999pt too wide) in paragraph at lines 557--558
[][] 
 []

[21

 <./step16.png>] [22

]
Package atveryend Info: Empty hook `BeforeClearDocument' on input line 607.
 [23

]
Package atveryend Info: Empty hook `AfterLastShipout' on input line 607.
 (./snap for beginners.aux)
Package atveryend Info: Executing hook `AtVeryEndDocument' on input line 607.
Package atveryend Info: Executing hook `AtEndAfterFileList' on input line 607.
Package rerunfilecheck Info: File `"snap for beginners".out' has not changed.
(rerunfilecheck)             Checksum: 04E5EBD91C960367C8D78A520BD0CFBF;1182.
Package atveryend Info: Empty hook `AtVeryVeryEnd' on input line 607.
 ) 
Here is how much of TeX's memory you used:
 5321 strings out of 492616
 79071 string characters out of 6129481
 169288 words of memory out of 5000000
 9136 multiletter control sequences out of 15000+600000
 5457 words of font info for 20 fonts, out of 8000000 for 9000
 1141 hyphenation exceptions out of 8191
 28i,7n,28p,531b,473s stack positions out of 5000i,500n,10000p,200000b,80000s
</usr/local/texlive/2019/texmf-dist/fonts/type1/public/amsfonts/cm/cmbx10.pfb
></usr/local/texlive/2019/texmf-dist/fonts/type1/public/amsfonts/cm/cmbx12.pfb>
</usr/local/texlive/2019/texmf-dist/fonts/type1/public/amsfonts/cm/cmmi10.pfb><
/usr/local/texlive/2019/texmf-dist/fonts/type1/public/amsfonts/cm/cmmi7.pfb></u
sr/local/texlive/2019/texmf-dist/fonts/type1/public/amsfonts/cm/cmr10.pfb></usr
/local/texlive/2019/texmf-dist/fonts/type1/public/amsfonts/cm/cmr12.pfb></usr/l
ocal/texlive/2019/texmf-dist/fonts/type1/public/amsfonts/cm/cmr17.pfb></usr/loc
al/texlive/2019/texmf-dist/fonts/type1/public/amsfonts/cm/cmsy10.pfb>
Output written on "snap for beginners.pdf" (25 pages, 2793070 bytes).
PDF statistics:
 339 PDF objects out of 1000 (max. 8388607)
 253 compressed objects within 3 object streams
 68 named destinations out of 1000 (max. 500000)
 273 words of extra memory for PDF output out of 10000 (max. 10000000)

